*** Starting uWSGI 2.0.17.1 (64bit) on [Sat Jan 19 12:09:32 2019] ***
compiled with version: 6.3.0 20170516 on 09 January 2019 11:39:00
os: Linux-4.9.125-linuxkit #1 SMP Fri Sep 7 08:20:28 UTC 2018
nodename: e263eec0b5e8
machine: x86_64
clock source: unix
pcre jit disabled
detected number of CPU cores: 2
current working directory: /app
writing pidfile to uwsgi2.pid
detected binary path: /usr/local/bin/uwsgi
uWSGI running as root, you can use --uid/--gid/--chroot options
*** WARNING: you are running uWSGI as root !!! (use the --uid flag) *** 
chdir() to /app
your memory page size is 4096 bytes
detected max file descriptor number: 1048576
lock engine: pthread robust mutexes
thunder lock: disabled (you can enable it with --thunder-lock)
uWSGI http bound on 0.0.0.0:8081 fd 4
uwsgi socket 0 bound to TCP address 127.0.0.1:44899 (port auto-assigned) fd 3
uWSGI running as root, you can use --uid/--gid/--chroot options
*** WARNING: you are running uWSGI as root !!! (use the --uid flag) *** 
Python version: 3.6.8 (default, Dec 29 2018, 07:23:17)  [GCC 6.3.0 20170516]
Python main interpreter initialized at 0x5558dfa75830
uWSGI running as root, you can use --uid/--gid/--chroot options
*** WARNING: you are running uWSGI as root !!! (use the --uid flag) *** 
python threads support enabled
your server socket listen backlog is limited to 100 connections
your mercy for graceful operations on workers is 60 seconds
mapped 416880 bytes (407 KB) for 8 cores
*** Operational MODE: preforking+threaded ***
WSGI app 0 (mountpoint='') ready in 0 seconds on interpreter 0x5558dfa75830 pid: 45 (default app)
uWSGI running as root, you can use --uid/--gid/--chroot options
*** WARNING: you are running uWSGI as root !!! (use the --uid flag) *** 
*** uWSGI is running in multiple interpreter mode ***
spawned uWSGI master process (pid: 45)
spawned uWSGI worker 1 (pid: 47, cores: 2)
spawned uWSGI worker 2 (pid: 48, cores: 2)
spawned uWSGI worker 3 (pid: 50, cores: 2)
spawned uWSGI worker 4 (pid: 51, cores: 2)
spawned uWSGI http 1 (pid: 53)
*** Starting uWSGI 2.0.17.1 (64bit) on [Sat Jan 19 12:16:59 2019] ***
compiled with version: 6.3.0 20170516 on 09 January 2019 11:39:00
os: Linux-4.9.125-linuxkit #1 SMP Fri Sep 7 08:20:28 UTC 2018
nodename: e263eec0b5e8
machine: x86_64
clock source: unix
pcre jit disabled
detected number of CPU cores: 2
current working directory: /app
writing pidfile to uwsgi2.pid
detected binary path: /usr/local/bin/uwsgi
uWSGI running as root, you can use --uid/--gid/--chroot options
*** WARNING: you are running uWSGI as root !!! (use the --uid flag) *** 
chdir() to /app
your memory page size is 4096 bytes
detected max file descriptor number: 1048576
lock engine: pthread robust mutexes
thunder lock: disabled (you can enable it with --thunder-lock)
uWSGI http bound on 0.0.0.0:8081 fd 4
uwsgi socket 0 bound to TCP address 127.0.0.1:43871 (port auto-assigned) fd 3
uWSGI running as root, you can use --uid/--gid/--chroot options
*** WARNING: you are running uWSGI as root !!! (use the --uid flag) *** 
Python version: 3.6.8 (default, Dec 29 2018, 07:23:17)  [GCC 6.3.0 20170516]
Python main interpreter initialized at 0x559dd66a7810
uWSGI running as root, you can use --uid/--gid/--chroot options
*** WARNING: you are running uWSGI as root !!! (use the --uid flag) *** 
python threads support enabled
your server socket listen backlog is limited to 100 connections
your mercy for graceful operations on workers is 60 seconds
mapped 416880 bytes (407 KB) for 8 cores
*** Operational MODE: preforking+threaded ***
WSGI app 0 (mountpoint='') ready in 1 seconds on interpreter 0x559dd66a7810 pid: 23 (default app)
uWSGI running as root, you can use --uid/--gid/--chroot options
*** WARNING: you are running uWSGI as root !!! (use the --uid flag) *** 
*** uWSGI is running in multiple interpreter mode ***
spawned uWSGI master process (pid: 23)
spawned uWSGI worker 1 (pid: 36, cores: 2)
spawned uWSGI worker 2 (pid: 37, cores: 2)
spawned uWSGI worker 3 (pid: 38, cores: 2)
spawned uWSGI worker 4 (pid: 39, cores: 2)
spawned uWSGI http 1 (pid: 40)
*** Starting uWSGI 2.0.17.1 (64bit) on [Sat Jan 19 12:20:48 2019] ***
compiled with version: 6.3.0 20170516 on 09 January 2019 11:39:00
os: Linux-4.9.125-linuxkit #1 SMP Fri Sep 7 08:20:28 UTC 2018
nodename: e263eec0b5e8
machine: x86_64
clock source: unix
pcre jit disabled
detected number of CPU cores: 2
current working directory: /app
writing pidfile to uwsgi2.pid
detected binary path: /usr/local/bin/uwsgi
uWSGI running as root, you can use --uid/--gid/--chroot options
*** WARNING: you are running uWSGI as root !!! (use the --uid flag) *** 
chdir() to /app
your memory page size is 4096 bytes
detected max file descriptor number: 1048576
lock engine: pthread robust mutexes
thunder lock: disabled (you can enable it with --thunder-lock)
uWSGI http bound on 0.0.0.0:8081 fd 4
uwsgi socket 0 bound to TCP address 127.0.0.1:44523 (port auto-assigned) fd 3
uWSGI running as root, you can use --uid/--gid/--chroot options
*** WARNING: you are running uWSGI as root !!! (use the --uid flag) *** 
Python version: 3.6.8 (default, Dec 29 2018, 07:23:17)  [GCC 6.3.0 20170516]
Python main interpreter initialized at 0x5614155c8810
uWSGI running as root, you can use --uid/--gid/--chroot options
*** WARNING: you are running uWSGI as root !!! (use the --uid flag) *** 
python threads support enabled
your server socket listen backlog is limited to 100 connections
your mercy for graceful operations on workers is 60 seconds
mapped 416880 bytes (407 KB) for 8 cores
*** Operational MODE: preforking+threaded ***
WSGI app 0 (mountpoint='') ready in 1 seconds on interpreter 0x5614155c8810 pid: 23 (default app)
uWSGI running as root, you can use --uid/--gid/--chroot options
*** WARNING: you are running uWSGI as root !!! (use the --uid flag) *** 
*** uWSGI is running in multiple interpreter mode ***
spawned uWSGI master process (pid: 23)
spawned uWSGI worker 1 (pid: 28, cores: 2)
spawned uWSGI worker 2 (pid: 29, cores: 2)
spawned uWSGI worker 3 (pid: 30, cores: 2)
spawned uWSGI worker 4 (pid: 31, cores: 2)
spawned uWSGI http 1 (pid: 32)
*** Starting uWSGI 2.0.17.1 (64bit) on [Sat Jan 19 12:21:54 2019] ***
compiled with version: 6.3.0 20170516 on 09 January 2019 11:39:00
os: Linux-4.9.125-linuxkit #1 SMP Fri Sep 7 08:20:28 UTC 2018
nodename: e263eec0b5e8
machine: x86_64
clock source: unix
pcre jit disabled
detected number of CPU cores: 2
current working directory: /app
writing pidfile to uwsgi2.pid
detected binary path: /usr/local/bin/uwsgi
uWSGI running as root, you can use --uid/--gid/--chroot options
*** WARNING: you are running uWSGI as root !!! (use the --uid flag) *** 
chdir() to /app
your memory page size is 4096 bytes
detected max file descriptor number: 1048576
lock engine: pthread robust mutexes
thunder lock: disabled (you can enable it with --thunder-lock)
uWSGI http bound on 0.0.0.0:8081 fd 4
uwsgi socket 0 bound to TCP address 127.0.0.1:46065 (port auto-assigned) fd 3
uWSGI running as root, you can use --uid/--gid/--chroot options
*** WARNING: you are running uWSGI as root !!! (use the --uid flag) *** 
Python version: 3.6.8 (default, Dec 29 2018, 07:23:17)  [GCC 6.3.0 20170516]
Python main interpreter initialized at 0x5652bfa73810
uWSGI running as root, you can use --uid/--gid/--chroot options
*** WARNING: you are running uWSGI as root !!! (use the --uid flag) *** 
python threads support enabled
your server socket listen backlog is limited to 100 connections
your mercy for graceful operations on workers is 60 seconds
mapped 416880 bytes (407 KB) for 8 cores
*** Operational MODE: preforking+threaded ***
WSGI app 0 (mountpoint='') ready in 1 seconds on interpreter 0x5652bfa73810 pid: 23 (default app)
uWSGI running as root, you can use --uid/--gid/--chroot options
*** WARNING: you are running uWSGI as root !!! (use the --uid flag) *** 
*** uWSGI is running in multiple interpreter mode ***
spawned uWSGI master process (pid: 23)
spawned uWSGI worker 1 (pid: 27, cores: 2)
spawned uWSGI worker 2 (pid: 28, cores: 2)
spawned uWSGI worker 3 (pid: 31, cores: 2)
spawned uWSGI worker 4 (pid: 32, cores: 2)
spawned uWSGI http 1 (pid: 33)
*** Starting uWSGI 2.0.17.1 (64bit) on [Sat Jan 19 12:23:44 2019] ***
compiled with version: 6.3.0 20170516 on 09 January 2019 11:39:00
os: Linux-4.9.125-linuxkit #1 SMP Fri Sep 7 08:20:28 UTC 2018
nodename: e263eec0b5e8
machine: x86_64
clock source: unix
pcre jit disabled
detected number of CPU cores: 2
current working directory: /app
writing pidfile to uwsgi2.pid
detected binary path: /usr/local/bin/uwsgi
uWSGI running as root, you can use --uid/--gid/--chroot options
*** WARNING: you are running uWSGI as root !!! (use the --uid flag) *** 
chdir() to /app
your memory page size is 4096 bytes
detected max file descriptor number: 1048576
lock engine: pthread robust mutexes
thunder lock: disabled (you can enable it with --thunder-lock)
uWSGI http bound on 0.0.0.0:8081 fd 4
uwsgi socket 0 bound to TCP address 127.0.0.1:38745 (port auto-assigned) fd 3
uWSGI running as root, you can use --uid/--gid/--chroot options
*** WARNING: you are running uWSGI as root !!! (use the --uid flag) *** 
Python version: 3.6.8 (default, Dec 29 2018, 07:23:17)  [GCC 6.3.0 20170516]
Python main interpreter initialized at 0x5649b161e810
uWSGI running as root, you can use --uid/--gid/--chroot options
*** WARNING: you are running uWSGI as root !!! (use the --uid flag) *** 
python threads support enabled
your server socket listen backlog is limited to 100 connections
your mercy for graceful operations on workers is 60 seconds
mapped 416880 bytes (407 KB) for 8 cores
*** Operational MODE: preforking+threaded ***
WSGI app 0 (mountpoint='') ready in 1 seconds on interpreter 0x5649b161e810 pid: 23 (default app)
uWSGI running as root, you can use --uid/--gid/--chroot options
*** WARNING: you are running uWSGI as root !!! (use the --uid flag) *** 
*** uWSGI is running in multiple interpreter mode ***
spawned uWSGI master process (pid: 23)
spawned uWSGI worker 1 (pid: 27, cores: 2)
spawned uWSGI worker 2 (pid: 28, cores: 2)
spawned uWSGI worker 3 (pid: 29, cores: 2)
spawned uWSGI worker 4 (pid: 30, cores: 2)
spawned uWSGI http 1 (pid: 31)
*** Starting uWSGI 2.0.17.1 (64bit) on [Sat Jan 19 12:25:44 2019] ***
compiled with version: 6.3.0 20170516 on 09 January 2019 11:39:00
os: Linux-4.9.125-linuxkit #1 SMP Fri Sep 7 08:20:28 UTC 2018
nodename: e263eec0b5e8
machine: x86_64
clock source: unix
pcre jit disabled
detected number of CPU cores: 2
current working directory: /app
writing pidfile to uwsgi2.pid
detected binary path: /usr/local/bin/uwsgi
uWSGI running as root, you can use --uid/--gid/--chroot options
*** WARNING: you are running uWSGI as root !!! (use the --uid flag) *** 
chdir() to /app
your memory page size is 4096 bytes
detected max file descriptor number: 1048576
lock engine: pthread robust mutexes
thunder lock: disabled (you can enable it with --thunder-lock)
uWSGI http bound on 0.0.0.0:8081 fd 4
uwsgi socket 0 bound to TCP address 127.0.0.1:38679 (port auto-assigned) fd 3
uWSGI running as root, you can use --uid/--gid/--chroot options
*** WARNING: you are running uWSGI as root !!! (use the --uid flag) *** 
Python version: 3.6.8 (default, Dec 29 2018, 07:23:17)  [GCC 6.3.0 20170516]
Python main interpreter initialized at 0x557b58fe9810
uWSGI running as root, you can use --uid/--gid/--chroot options
*** WARNING: you are running uWSGI as root !!! (use the --uid flag) *** 
python threads support enabled
your server socket listen backlog is limited to 100 connections
your mercy for graceful operations on workers is 60 seconds
mapped 416880 bytes (407 KB) for 8 cores
*** Operational MODE: preforking+threaded ***
WSGI app 0 (mountpoint='') ready in 1 seconds on interpreter 0x557b58fe9810 pid: 23 (default app)
uWSGI running as root, you can use --uid/--gid/--chroot options
*** WARNING: you are running uWSGI as root !!! (use the --uid flag) *** 
*** uWSGI is running in multiple interpreter mode ***
spawned uWSGI master process (pid: 23)
spawned uWSGI worker 1 (pid: 27, cores: 2)
spawned uWSGI worker 2 (pid: 29, cores: 2)
spawned uWSGI worker 3 (pid: 30, cores: 2)
spawned uWSGI worker 4 (pid: 31, cores: 2)
spawned uWSGI http 1 (pid: 32)
*** Starting uWSGI 2.0.17.1 (64bit) on [Sat Jan 19 12:27:34 2019] ***
compiled with version: 6.3.0 20170516 on 09 January 2019 11:39:00
os: Linux-4.9.125-linuxkit #1 SMP Fri Sep 7 08:20:28 UTC 2018
nodename: e263eec0b5e8
machine: x86_64
clock source: unix
pcre jit disabled
detected number of CPU cores: 2
current working directory: /app
writing pidfile to uwsgi2.pid
detected binary path: /usr/local/bin/uwsgi
uWSGI running as root, you can use --uid/--gid/--chroot options
*** WARNING: you are running uWSGI as root !!! (use the --uid flag) *** 
chdir() to /app
your memory page size is 4096 bytes
detected max file descriptor number: 1048576
lock engine: pthread robust mutexes
thunder lock: disabled (you can enable it with --thunder-lock)
uWSGI http bound on 0.0.0.0:8081 fd 4
uwsgi socket 0 bound to TCP address 127.0.0.1:44901 (port auto-assigned) fd 3
uWSGI running as root, you can use --uid/--gid/--chroot options
*** WARNING: you are running uWSGI as root !!! (use the --uid flag) *** 
Python version: 3.6.8 (default, Dec 29 2018, 07:23:17)  [GCC 6.3.0 20170516]
Python main interpreter initialized at 0x562c9fcb6810
uWSGI running as root, you can use --uid/--gid/--chroot options
*** WARNING: you are running uWSGI as root !!! (use the --uid flag) *** 
python threads support enabled
your server socket listen backlog is limited to 100 connections
your mercy for graceful operations on workers is 60 seconds
mapped 416880 bytes (407 KB) for 8 cores
*** Operational MODE: preforking+threaded ***
WSGI app 0 (mountpoint='') ready in 1 seconds on interpreter 0x562c9fcb6810 pid: 23 (default app)
uWSGI running as root, you can use --uid/--gid/--chroot options
*** WARNING: you are running uWSGI as root !!! (use the --uid flag) *** 
*** uWSGI is running in multiple interpreter mode ***
spawned uWSGI master process (pid: 23)
spawned uWSGI worker 1 (pid: 27, cores: 2)
spawned uWSGI worker 2 (pid: 28, cores: 2)
spawned uWSGI worker 3 (pid: 29, cores: 2)
spawned uWSGI worker 4 (pid: 30, cores: 2)
spawned uWSGI http 1 (pid: 31)
*** Starting uWSGI 2.0.17.1 (64bit) on [Sat Jan 19 12:29:57 2019] ***
compiled with version: 6.3.0 20170516 on 09 January 2019 11:39:00
os: Linux-4.9.125-linuxkit #1 SMP Fri Sep 7 08:20:28 UTC 2018
nodename: e263eec0b5e8
machine: x86_64
clock source: unix
pcre jit disabled
detected number of CPU cores: 2
current working directory: /app
writing pidfile to uwsgi2.pid
detected binary path: /usr/local/bin/uwsgi
uWSGI running as root, you can use --uid/--gid/--chroot options
*** WARNING: you are running uWSGI as root !!! (use the --uid flag) *** 
chdir() to /app
your memory page size is 4096 bytes
detected max file descriptor number: 1048576
lock engine: pthread robust mutexes
thunder lock: disabled (you can enable it with --thunder-lock)
uWSGI http bound on 0.0.0.0:8081 fd 4
uwsgi socket 0 bound to TCP address 127.0.0.1:35267 (port auto-assigned) fd 3
uWSGI running as root, you can use --uid/--gid/--chroot options
*** WARNING: you are running uWSGI as root !!! (use the --uid flag) *** 
Python version: 3.6.8 (default, Dec 29 2018, 07:23:17)  [GCC 6.3.0 20170516]
Python main interpreter initialized at 0x56530ec0f810
uWSGI running as root, you can use --uid/--gid/--chroot options
*** WARNING: you are running uWSGI as root !!! (use the --uid flag) *** 
python threads support enabled
your server socket listen backlog is limited to 100 connections
your mercy for graceful operations on workers is 60 seconds
mapped 416880 bytes (407 KB) for 8 cores
*** Operational MODE: preforking+threaded ***
WSGI app 0 (mountpoint='') ready in 1 seconds on interpreter 0x56530ec0f810 pid: 24 (default app)
uWSGI running as root, you can use --uid/--gid/--chroot options
*** WARNING: you are running uWSGI as root !!! (use the --uid flag) *** 
*** uWSGI is running in multiple interpreter mode ***
spawned uWSGI master process (pid: 24)
spawned uWSGI worker 1 (pid: 28, cores: 2)
spawned uWSGI worker 2 (pid: 29, cores: 2)
spawned uWSGI worker 3 (pid: 30, cores: 2)
spawned uWSGI worker 4 (pid: 31, cores: 2)
spawned uWSGI http 1 (pid: 32)
*** Starting uWSGI 2.0.17.1 (64bit) on [Sat Jan 19 12:31:03 2019] ***
compiled with version: 6.3.0 20170516 on 09 January 2019 11:39:00
os: Linux-4.9.125-linuxkit #1 SMP Fri Sep 7 08:20:28 UTC 2018
nodename: e263eec0b5e8
machine: x86_64
clock source: unix
pcre jit disabled
detected number of CPU cores: 2
current working directory: /app
writing pidfile to uwsgi2.pid
detected binary path: /usr/local/bin/uwsgi
uWSGI running as root, you can use --uid/--gid/--chroot options
*** WARNING: you are running uWSGI as root !!! (use the --uid flag) *** 
chdir() to /app
your memory page size is 4096 bytes
detected max file descriptor number: 1048576
lock engine: pthread robust mutexes
thunder lock: disabled (you can enable it with --thunder-lock)
uWSGI http bound on 0.0.0.0:8081 fd 4
uwsgi socket 0 bound to TCP address 127.0.0.1:34327 (port auto-assigned) fd 3
uWSGI running as root, you can use --uid/--gid/--chroot options
*** WARNING: you are running uWSGI as root !!! (use the --uid flag) *** 
Python version: 3.6.8 (default, Dec 29 2018, 07:23:17)  [GCC 6.3.0 20170516]
Python main interpreter initialized at 0x55e4955e9810
uWSGI running as root, you can use --uid/--gid/--chroot options
*** WARNING: you are running uWSGI as root !!! (use the --uid flag) *** 
python threads support enabled
your server socket listen backlog is limited to 100 connections
your mercy for graceful operations on workers is 60 seconds
mapped 416880 bytes (407 KB) for 8 cores
*** Operational MODE: preforking+threaded ***
WSGI app 0 (mountpoint='') ready in 1 seconds on interpreter 0x55e4955e9810 pid: 23 (default app)
uWSGI running as root, you can use --uid/--gid/--chroot options
*** WARNING: you are running uWSGI as root !!! (use the --uid flag) *** 
*** uWSGI is running in multiple interpreter mode ***
spawned uWSGI master process (pid: 23)
spawned uWSGI worker 1 (pid: 37, cores: 2)
spawned uWSGI worker 2 (pid: 38, cores: 2)
spawned uWSGI worker 3 (pid: 39, cores: 2)
spawned uWSGI worker 4 (pid: 40, cores: 2)
spawned uWSGI http 1 (pid: 41)
*** Starting uWSGI 2.0.17.1 (64bit) on [Sat Jan 19 12:34:50 2019] ***
compiled with version: 6.3.0 20170516 on 09 January 2019 11:39:00
os: Linux-4.9.125-linuxkit #1 SMP Fri Sep 7 08:20:28 UTC 2018
nodename: e263eec0b5e8
machine: x86_64
clock source: unix
pcre jit disabled
detected number of CPU cores: 2
current working directory: /app
writing pidfile to uwsgi2.pid
detected binary path: /usr/local/bin/uwsgi
uWSGI running as root, you can use --uid/--gid/--chroot options
*** WARNING: you are running uWSGI as root !!! (use the --uid flag) *** 
chdir() to /app
your memory page size is 4096 bytes
detected max file descriptor number: 1048576
lock engine: pthread robust mutexes
thunder lock: disabled (you can enable it with --thunder-lock)
uWSGI http bound on 0.0.0.0:8081 fd 4
uwsgi socket 0 bound to TCP address 127.0.0.1:34949 (port auto-assigned) fd 3
uWSGI running as root, you can use --uid/--gid/--chroot options
*** WARNING: you are running uWSGI as root !!! (use the --uid flag) *** 
Python version: 3.6.8 (default, Dec 29 2018, 07:23:17)  [GCC 6.3.0 20170516]
Python main interpreter initialized at 0x557f04fd3810
uWSGI running as root, you can use --uid/--gid/--chroot options
*** WARNING: you are running uWSGI as root !!! (use the --uid flag) *** 
python threads support enabled
your server socket listen backlog is limited to 100 connections
your mercy for graceful operations on workers is 60 seconds
mapped 416880 bytes (407 KB) for 8 cores
*** Operational MODE: preforking+threaded ***
WSGI app 0 (mountpoint='') ready in 1 seconds on interpreter 0x557f04fd3810 pid: 23 (default app)
uWSGI running as root, you can use --uid/--gid/--chroot options
*** WARNING: you are running uWSGI as root !!! (use the --uid flag) *** 
*** uWSGI is running in multiple interpreter mode ***
spawned uWSGI master process (pid: 23)
spawned uWSGI worker 1 (pid: 37, cores: 2)
spawned uWSGI worker 2 (pid: 38, cores: 2)
spawned uWSGI worker 3 (pid: 39, cores: 2)
spawned uWSGI worker 4 (pid: 40, cores: 2)
spawned uWSGI http 1 (pid: 41)
*** Starting uWSGI 2.0.17.1 (64bit) on [Sat Jan 19 12:44:31 2019] ***
compiled with version: 6.3.0 20170516 on 09 January 2019 11:39:00
os: Linux-4.9.125-linuxkit #1 SMP Fri Sep 7 08:20:28 UTC 2018
nodename: e263eec0b5e8
machine: x86_64
clock source: unix
pcre jit disabled
detected number of CPU cores: 2
current working directory: /app
writing pidfile to uwsgi2.pid
detected binary path: /usr/local/bin/uwsgi
uWSGI running as root, you can use --uid/--gid/--chroot options
*** WARNING: you are running uWSGI as root !!! (use the --uid flag) *** 
chdir() to /app
your memory page size is 4096 bytes
detected max file descriptor number: 1048576
lock engine: pthread robust mutexes
thunder lock: disabled (you can enable it with --thunder-lock)
uWSGI http bound on 0.0.0.0:8081 fd 4
uwsgi socket 0 bound to TCP address 127.0.0.1:46413 (port auto-assigned) fd 3
uWSGI running as root, you can use --uid/--gid/--chroot options
*** WARNING: you are running uWSGI as root !!! (use the --uid flag) *** 
Python version: 3.6.8 (default, Dec 29 2018, 07:23:17)  [GCC 6.3.0 20170516]
Python main interpreter initialized at 0x55dd48a91810
uWSGI running as root, you can use --uid/--gid/--chroot options
*** WARNING: you are running uWSGI as root !!! (use the --uid flag) *** 
python threads support enabled
your server socket listen backlog is limited to 100 connections
your mercy for graceful operations on workers is 60 seconds
mapped 416880 bytes (407 KB) for 8 cores
*** Operational MODE: preforking+threaded ***
WSGI app 0 (mountpoint='') ready in 1 seconds on interpreter 0x55dd48a91810 pid: 23 (default app)
uWSGI running as root, you can use --uid/--gid/--chroot options
*** WARNING: you are running uWSGI as root !!! (use the --uid flag) *** 
*** uWSGI is running in multiple interpreter mode ***
spawned uWSGI master process (pid: 23)
spawned uWSGI worker 1 (pid: 36, cores: 2)
spawned uWSGI worker 2 (pid: 37, cores: 2)
spawned uWSGI worker 3 (pid: 39, cores: 2)
spawned uWSGI worker 4 (pid: 41, cores: 2)
spawned uWSGI http 1 (pid: 42)
*** Starting uWSGI 2.0.17.1 (64bit) on [Sat Jan 19 12:59:26 2019] ***
compiled with version: 6.3.0 20170516 on 09 January 2019 11:39:00
os: Linux-4.9.125-linuxkit #1 SMP Fri Sep 7 08:20:28 UTC 2018
nodename: e263eec0b5e8
machine: x86_64
clock source: unix
pcre jit disabled
detected number of CPU cores: 2
current working directory: /app
writing pidfile to uwsgi2.pid
detected binary path: /usr/local/bin/uwsgi
uWSGI running as root, you can use --uid/--gid/--chroot options
*** WARNING: you are running uWSGI as root !!! (use the --uid flag) *** 
chdir() to /app
your memory page size is 4096 bytes
detected max file descriptor number: 1048576
lock engine: pthread robust mutexes
thunder lock: disabled (you can enable it with --thunder-lock)
uWSGI http bound on 0.0.0.0:8081 fd 4
uwsgi socket 0 bound to TCP address 127.0.0.1:37659 (port auto-assigned) fd 3
uWSGI running as root, you can use --uid/--gid/--chroot options
*** WARNING: you are running uWSGI as root !!! (use the --uid flag) *** 
Python version: 3.6.8 (default, Dec 29 2018, 07:23:17)  [GCC 6.3.0 20170516]
Python main interpreter initialized at 0x556bfe68f810
uWSGI running as root, you can use --uid/--gid/--chroot options
*** WARNING: you are running uWSGI as root !!! (use the --uid flag) *** 
python threads support enabled
your server socket listen backlog is limited to 100 connections
your mercy for graceful operations on workers is 60 seconds
mapped 416880 bytes (407 KB) for 8 cores
*** Operational MODE: preforking+threaded ***
WSGI app 0 (mountpoint='') ready in 0 seconds on interpreter 0x556bfe68f810 pid: 23 (default app)
uWSGI running as root, you can use --uid/--gid/--chroot options
*** WARNING: you are running uWSGI as root !!! (use the --uid flag) *** 
*** uWSGI is running in multiple interpreter mode ***
spawned uWSGI master process (pid: 23)
spawned uWSGI worker 1 (pid: 27, cores: 2)
spawned uWSGI worker 2 (pid: 28, cores: 2)
spawned uWSGI worker 3 (pid: 29, cores: 2)
spawned uWSGI worker 4 (pid: 30, cores: 2)
spawned uWSGI http 1 (pid: 31)
*** Starting uWSGI 2.0.17.1 (64bit) on [Sat Jan 19 13:06:26 2019] ***
compiled with version: 6.3.0 20170516 on 09 January 2019 11:39:00
os: Linux-4.9.125-linuxkit #1 SMP Fri Sep 7 08:20:28 UTC 2018
nodename: e263eec0b5e8
machine: x86_64
clock source: unix
pcre jit disabled
detected number of CPU cores: 2
current working directory: /app
writing pidfile to uwsgi2.pid
detected binary path: /usr/local/bin/uwsgi
uWSGI running as root, you can use --uid/--gid/--chroot options
*** WARNING: you are running uWSGI as root !!! (use the --uid flag) *** 
chdir() to /app
your memory page size is 4096 bytes
detected max file descriptor number: 1048576
lock engine: pthread robust mutexes
thunder lock: disabled (you can enable it with --thunder-lock)
uWSGI http bound on 0.0.0.0:8081 fd 4
uwsgi socket 0 bound to TCP address 127.0.0.1:37193 (port auto-assigned) fd 3
uWSGI running as root, you can use --uid/--gid/--chroot options
*** WARNING: you are running uWSGI as root !!! (use the --uid flag) *** 
Python version: 3.6.8 (default, Dec 29 2018, 07:23:17)  [GCC 6.3.0 20170516]
Python main interpreter initialized at 0x558c03fe8810
uWSGI running as root, you can use --uid/--gid/--chroot options
*** WARNING: you are running uWSGI as root !!! (use the --uid flag) *** 
python threads support enabled
your server socket listen backlog is limited to 100 connections
your mercy for graceful operations on workers is 60 seconds
mapped 416880 bytes (407 KB) for 8 cores
*** Operational MODE: preforking+threaded ***
WSGI app 0 (mountpoint='') ready in 1 seconds on interpreter 0x558c03fe8810 pid: 23 (default app)
uWSGI running as root, you can use --uid/--gid/--chroot options
*** WARNING: you are running uWSGI as root !!! (use the --uid flag) *** 
*** uWSGI is running in multiple interpreter mode ***
spawned uWSGI master process (pid: 23)
spawned uWSGI worker 1 (pid: 35, cores: 2)
spawned uWSGI worker 2 (pid: 36, cores: 2)
spawned uWSGI worker 3 (pid: 37, cores: 2)
spawned uWSGI worker 4 (pid: 38, cores: 2)
spawned uWSGI http 1 (pid: 39)
*** Starting uWSGI 2.0.17.1 (64bit) on [Sat Jan 19 13:07:30 2019] ***
compiled with version: 6.3.0 20170516 on 09 January 2019 11:39:00
os: Linux-4.9.125-linuxkit #1 SMP Fri Sep 7 08:20:28 UTC 2018
nodename: e263eec0b5e8
machine: x86_64
clock source: unix
pcre jit disabled
detected number of CPU cores: 2
current working directory: /app
writing pidfile to uwsgi2.pid
detected binary path: /usr/local/bin/uwsgi
uWSGI running as root, you can use --uid/--gid/--chroot options
*** WARNING: you are running uWSGI as root !!! (use the --uid flag) *** 
chdir() to /app
your memory page size is 4096 bytes
detected max file descriptor number: 1048576
lock engine: pthread robust mutexes
thunder lock: disabled (you can enable it with --thunder-lock)
uWSGI http bound on 0.0.0.0:8081 fd 4
uwsgi socket 0 bound to TCP address 127.0.0.1:35603 (port auto-assigned) fd 3
uWSGI running as root, you can use --uid/--gid/--chroot options
*** WARNING: you are running uWSGI as root !!! (use the --uid flag) *** 
Python version: 3.6.8 (default, Dec 29 2018, 07:23:17)  [GCC 6.3.0 20170516]
Python main interpreter initialized at 0x56480b753810
uWSGI running as root, you can use --uid/--gid/--chroot options
*** WARNING: you are running uWSGI as root !!! (use the --uid flag) *** 
python threads support enabled
your server socket listen backlog is limited to 100 connections
your mercy for graceful operations on workers is 60 seconds
mapped 416880 bytes (407 KB) for 8 cores
*** Operational MODE: preforking+threaded ***
WSGI app 0 (mountpoint='') ready in 1 seconds on interpreter 0x56480b753810 pid: 23 (default app)
uWSGI running as root, you can use --uid/--gid/--chroot options
*** WARNING: you are running uWSGI as root !!! (use the --uid flag) *** 
*** uWSGI is running in multiple interpreter mode ***
spawned uWSGI master process (pid: 23)
spawned uWSGI worker 1 (pid: 37, cores: 2)
spawned uWSGI worker 2 (pid: 38, cores: 2)
spawned uWSGI worker 3 (pid: 39, cores: 2)
spawned uWSGI worker 4 (pid: 40, cores: 2)
spawned uWSGI http 1 (pid: 41)
*** Starting uWSGI 2.0.17.1 (64bit) on [Sat Jan 19 13:17:54 2019] ***
compiled with version: 6.3.0 20170516 on 09 January 2019 11:39:00
os: Linux-4.9.125-linuxkit #1 SMP Fri Sep 7 08:20:28 UTC 2018
nodename: e263eec0b5e8
machine: x86_64
clock source: unix
pcre jit disabled
detected number of CPU cores: 2
current working directory: /app
writing pidfile to uwsgi2.pid
detected binary path: /usr/local/bin/uwsgi
uWSGI running as root, you can use --uid/--gid/--chroot options
*** WARNING: you are running uWSGI as root !!! (use the --uid flag) *** 
chdir() to /app
your memory page size is 4096 bytes
detected max file descriptor number: 1048576
lock engine: pthread robust mutexes
thunder lock: disabled (you can enable it with --thunder-lock)
uWSGI http bound on 0.0.0.0:8081 fd 4
uwsgi socket 0 bound to TCP address 127.0.0.1:37585 (port auto-assigned) fd 3
uWSGI running as root, you can use --uid/--gid/--chroot options
*** WARNING: you are running uWSGI as root !!! (use the --uid flag) *** 
Python version: 3.6.8 (default, Dec 29 2018, 07:23:17)  [GCC 6.3.0 20170516]
Python main interpreter initialized at 0x56467f12b810
uWSGI running as root, you can use --uid/--gid/--chroot options
*** WARNING: you are running uWSGI as root !!! (use the --uid flag) *** 
python threads support enabled
your server socket listen backlog is limited to 100 connections
your mercy for graceful operations on workers is 60 seconds
mapped 416880 bytes (407 KB) for 8 cores
*** Operational MODE: preforking+threaded ***
WSGI app 0 (mountpoint='') ready in 1 seconds on interpreter 0x56467f12b810 pid: 23 (default app)
uWSGI running as root, you can use --uid/--gid/--chroot options
*** WARNING: you are running uWSGI as root !!! (use the --uid flag) *** 
*** uWSGI is running in multiple interpreter mode ***
spawned uWSGI master process (pid: 23)
spawned uWSGI worker 1 (pid: 37, cores: 2)
spawned uWSGI worker 2 (pid: 38, cores: 2)
spawned uWSGI worker 3 (pid: 39, cores: 2)
spawned uWSGI worker 4 (pid: 40, cores: 2)
spawned uWSGI http 1 (pid: 41)
*** Starting uWSGI 2.0.17.1 (64bit) on [Sat Jan 19 13:24:05 2019] ***
compiled with version: 6.3.0 20170516 on 09 January 2019 11:39:00
os: Linux-4.9.125-linuxkit #1 SMP Fri Sep 7 08:20:28 UTC 2018
nodename: e263eec0b5e8
machine: x86_64
clock source: unix
pcre jit disabled
detected number of CPU cores: 2
current working directory: /app
writing pidfile to uwsgi2.pid
detected binary path: /usr/local/bin/uwsgi
uWSGI running as root, you can use --uid/--gid/--chroot options
*** WARNING: you are running uWSGI as root !!! (use the --uid flag) *** 
chdir() to /app
your memory page size is 4096 bytes
detected max file descriptor number: 1048576
lock engine: pthread robust mutexes
thunder lock: disabled (you can enable it with --thunder-lock)
uWSGI http bound on 0.0.0.0:8081 fd 4
uwsgi socket 0 bound to TCP address 127.0.0.1:34055 (port auto-assigned) fd 3
uWSGI running as root, you can use --uid/--gid/--chroot options
*** WARNING: you are running uWSGI as root !!! (use the --uid flag) *** 
Python version: 3.6.8 (default, Dec 29 2018, 07:23:17)  [GCC 6.3.0 20170516]
Python main interpreter initialized at 0x55fd27635810
uWSGI running as root, you can use --uid/--gid/--chroot options
*** WARNING: you are running uWSGI as root !!! (use the --uid flag) *** 
python threads support enabled
your server socket listen backlog is limited to 100 connections
your mercy for graceful operations on workers is 60 seconds
mapped 416880 bytes (407 KB) for 8 cores
*** Operational MODE: preforking+threaded ***
WSGI app 0 (mountpoint='') ready in 1 seconds on interpreter 0x55fd27635810 pid: 22 (default app)
uWSGI running as root, you can use --uid/--gid/--chroot options
*** WARNING: you are running uWSGI as root !!! (use the --uid flag) *** 
*** uWSGI is running in multiple interpreter mode ***
spawned uWSGI master process (pid: 22)
spawned uWSGI worker 1 (pid: 36, cores: 2)
spawned uWSGI worker 2 (pid: 37, cores: 2)
spawned uWSGI worker 3 (pid: 38, cores: 2)
spawned uWSGI worker 4 (pid: 39, cores: 2)
spawned uWSGI http 1 (pid: 40)
*** Starting uWSGI 2.0.17.1 (64bit) on [Sat Jan 19 13:30:44 2019] ***
compiled with version: 6.3.0 20170516 on 09 January 2019 11:39:00
os: Linux-4.9.125-linuxkit #1 SMP Fri Sep 7 08:20:28 UTC 2018
nodename: e263eec0b5e8
machine: x86_64
clock source: unix
pcre jit disabled
detected number of CPU cores: 2
current working directory: /app
writing pidfile to uwsgi2.pid
detected binary path: /usr/local/bin/uwsgi
uWSGI running as root, you can use --uid/--gid/--chroot options
*** WARNING: you are running uWSGI as root !!! (use the --uid flag) *** 
chdir() to /app
your memory page size is 4096 bytes
detected max file descriptor number: 1048576
lock engine: pthread robust mutexes
thunder lock: disabled (you can enable it with --thunder-lock)
uWSGI http bound on 0.0.0.0:8081 fd 4
uwsgi socket 0 bound to TCP address 127.0.0.1:40539 (port auto-assigned) fd 3
uWSGI running as root, you can use --uid/--gid/--chroot options
*** WARNING: you are running uWSGI as root !!! (use the --uid flag) *** 
Python version: 3.6.8 (default, Dec 29 2018, 07:23:17)  [GCC 6.3.0 20170516]
Python main interpreter initialized at 0x55d2dbb4a810
uWSGI running as root, you can use --uid/--gid/--chroot options
*** WARNING: you are running uWSGI as root !!! (use the --uid flag) *** 
python threads support enabled
your server socket listen backlog is limited to 100 connections
your mercy for graceful operations on workers is 60 seconds
mapped 416880 bytes (407 KB) for 8 cores
*** Operational MODE: preforking+threaded ***
WSGI app 0 (mountpoint='') ready in 0 seconds on interpreter 0x55d2dbb4a810 pid: 23 (default app)
uWSGI running as root, you can use --uid/--gid/--chroot options
*** WARNING: you are running uWSGI as root !!! (use the --uid flag) *** 
*** uWSGI is running in multiple interpreter mode ***
spawned uWSGI master process (pid: 23)
spawned uWSGI worker 1 (pid: 27, cores: 2)
spawned uWSGI worker 2 (pid: 28, cores: 2)
spawned uWSGI worker 3 (pid: 29, cores: 2)
spawned uWSGI worker 4 (pid: 30, cores: 2)
spawned uWSGI http 1 (pid: 31)
*** Starting uWSGI 2.0.17.1 (64bit) on [Sat Jan 19 13:35:34 2019] ***
compiled with version: 6.3.0 20170516 on 09 January 2019 11:39:00
os: Linux-4.9.125-linuxkit #1 SMP Fri Sep 7 08:20:28 UTC 2018
nodename: e263eec0b5e8
machine: x86_64
clock source: unix
pcre jit disabled
detected number of CPU cores: 2
current working directory: /app
writing pidfile to uwsgi2.pid
detected binary path: /usr/local/bin/uwsgi
uWSGI running as root, you can use --uid/--gid/--chroot options
*** WARNING: you are running uWSGI as root !!! (use the --uid flag) *** 
chdir() to /app
your memory page size is 4096 bytes
detected max file descriptor number: 1048576
lock engine: pthread robust mutexes
thunder lock: disabled (you can enable it with --thunder-lock)
uWSGI http bound on 0.0.0.0:8081 fd 4
uwsgi socket 0 bound to TCP address 127.0.0.1:44291 (port auto-assigned) fd 3
uWSGI running as root, you can use --uid/--gid/--chroot options
*** WARNING: you are running uWSGI as root !!! (use the --uid flag) *** 
Python version: 3.6.8 (default, Dec 29 2018, 07:23:17)  [GCC 6.3.0 20170516]
Python main interpreter initialized at 0x560efc80d810
uWSGI running as root, you can use --uid/--gid/--chroot options
*** WARNING: you are running uWSGI as root !!! (use the --uid flag) *** 
python threads support enabled
your server socket listen backlog is limited to 100 connections
your mercy for graceful operations on workers is 60 seconds
mapped 416880 bytes (407 KB) for 8 cores
*** Operational MODE: preforking+threaded ***
WSGI app 0 (mountpoint='') ready in 2 seconds on interpreter 0x560efc80d810 pid: 24 (default app)
uWSGI running as root, you can use --uid/--gid/--chroot options
*** WARNING: you are running uWSGI as root !!! (use the --uid flag) *** 
*** uWSGI is running in multiple interpreter mode ***
spawned uWSGI master process (pid: 24)
spawned uWSGI worker 1 (pid: 38, cores: 2)
spawned uWSGI worker 2 (pid: 39, cores: 2)
spawned uWSGI worker 3 (pid: 40, cores: 2)
spawned uWSGI worker 4 (pid: 41, cores: 2)
spawned uWSGI http 1 (pid: 42)
*** Starting uWSGI 2.0.17.1 (64bit) on [Sat Jan 19 13:41:52 2019] ***
compiled with version: 6.3.0 20170516 on 09 January 2019 11:39:00
os: Linux-4.9.125-linuxkit #1 SMP Fri Sep 7 08:20:28 UTC 2018
nodename: e263eec0b5e8
machine: x86_64
clock source: unix
pcre jit disabled
detected number of CPU cores: 2
current working directory: /app
writing pidfile to uwsgi2.pid
detected binary path: /usr/local/bin/uwsgi
uWSGI running as root, you can use --uid/--gid/--chroot options
*** WARNING: you are running uWSGI as root !!! (use the --uid flag) *** 
chdir() to /app
your memory page size is 4096 bytes
detected max file descriptor number: 1048576
lock engine: pthread robust mutexes
thunder lock: disabled (you can enable it with --thunder-lock)
uWSGI http bound on 0.0.0.0:8081 fd 4
uwsgi socket 0 bound to TCP address 127.0.0.1:43187 (port auto-assigned) fd 3
uWSGI running as root, you can use --uid/--gid/--chroot options
*** WARNING: you are running uWSGI as root !!! (use the --uid flag) *** 
Python version: 3.6.8 (default, Dec 29 2018, 07:23:17)  [GCC 6.3.0 20170516]
Python main interpreter initialized at 0x55e87210c810
uWSGI running as root, you can use --uid/--gid/--chroot options
*** WARNING: you are running uWSGI as root !!! (use the --uid flag) *** 
python threads support enabled
your server socket listen backlog is limited to 100 connections
your mercy for graceful operations on workers is 60 seconds
mapped 416880 bytes (407 KB) for 8 cores
*** Operational MODE: preforking+threaded ***
WSGI app 0 (mountpoint='') ready in 1 seconds on interpreter 0x55e87210c810 pid: 25 (default app)
uWSGI running as root, you can use --uid/--gid/--chroot options
*** WARNING: you are running uWSGI as root !!! (use the --uid flag) *** 
*** uWSGI is running in multiple interpreter mode ***
spawned uWSGI master process (pid: 25)
spawned uWSGI worker 1 (pid: 29, cores: 2)
spawned uWSGI worker 2 (pid: 30, cores: 2)
spawned uWSGI worker 3 (pid: 31, cores: 2)
spawned uWSGI worker 4 (pid: 32, cores: 2)
spawned uWSGI http 1 (pid: 33)
*** Starting uWSGI 2.0.17.1 (64bit) on [Sat Jan 19 13:48:20 2019] ***
compiled with version: 6.3.0 20170516 on 19 January 2019 13:46:12
os: Linux-4.9.125-linuxkit #1 SMP Fri Sep 7 08:20:28 UTC 2018
nodename: c3e047eb6224
machine: x86_64
clock source: unix
pcre jit disabled
detected number of CPU cores: 2
current working directory: /app
writing pidfile to uwsgi2.pid
detected binary path: /usr/local/bin/uwsgi
uWSGI running as root, you can use --uid/--gid/--chroot options
*** WARNING: you are running uWSGI as root !!! (use the --uid flag) *** 
chdir() to /app
your memory page size is 4096 bytes
detected max file descriptor number: 1048576
lock engine: pthread robust mutexes
thunder lock: disabled (you can enable it with --thunder-lock)
uWSGI http bound on 0.0.0.0:8081 fd 4
uwsgi socket 0 bound to TCP address 127.0.0.1:36367 (port auto-assigned) fd 3
uWSGI running as root, you can use --uid/--gid/--chroot options
*** WARNING: you are running uWSGI as root !!! (use the --uid flag) *** 
Python version: 3.6.8 (default, Dec 29 2018, 07:23:17)  [GCC 6.3.0 20170516]
Python main interpreter initialized at 0x55de16876810
uWSGI running as root, you can use --uid/--gid/--chroot options
*** WARNING: you are running uWSGI as root !!! (use the --uid flag) *** 
python threads support enabled
your server socket listen backlog is limited to 100 connections
your mercy for graceful operations on workers is 60 seconds
mapped 416880 bytes (407 KB) for 8 cores
*** Operational MODE: preforking+threaded ***
WSGI app 0 (mountpoint='') ready in 1 seconds on interpreter 0x55de16876810 pid: 22 (default app)
uWSGI running as root, you can use --uid/--gid/--chroot options
*** WARNING: you are running uWSGI as root !!! (use the --uid flag) *** 
*** uWSGI is running in multiple interpreter mode ***
spawned uWSGI master process (pid: 22)
spawned uWSGI worker 1 (pid: 27, cores: 2)
spawned uWSGI worker 2 (pid: 28, cores: 2)
spawned uWSGI worker 3 (pid: 29, cores: 2)
spawned uWSGI worker 4 (pid: 30, cores: 2)
spawned uWSGI http 1 (pid: 31)
*** Starting uWSGI 2.0.17.1 (64bit) on [Sat Jan 19 13:57:58 2019] ***
compiled with version: 6.3.0 20170516 on 19 January 2019 13:46:12
os: Linux-4.9.125-linuxkit #1 SMP Fri Sep 7 08:20:28 UTC 2018
nodename: c3e047eb6224
machine: x86_64
clock source: unix
pcre jit disabled
detected number of CPU cores: 2
current working directory: /app
writing pidfile to uwsgi2.pid
detected binary path: /usr/local/bin/uwsgi
uWSGI running as root, you can use --uid/--gid/--chroot options
*** WARNING: you are running uWSGI as root !!! (use the --uid flag) *** 
chdir() to /app
your memory page size is 4096 bytes
detected max file descriptor number: 1048576
lock engine: pthread robust mutexes
thunder lock: disabled (you can enable it with --thunder-lock)
uWSGI http bound on 0.0.0.0:8081 fd 4
uwsgi socket 0 bound to TCP address 127.0.0.1:39329 (port auto-assigned) fd 3
uWSGI running as root, you can use --uid/--gid/--chroot options
*** WARNING: you are running uWSGI as root !!! (use the --uid flag) *** 
Python version: 3.6.8 (default, Dec 29 2018, 07:23:17)  [GCC 6.3.0 20170516]
Python main interpreter initialized at 0x5565aadbe810
uWSGI running as root, you can use --uid/--gid/--chroot options
*** WARNING: you are running uWSGI as root !!! (use the --uid flag) *** 
python threads support enabled
your server socket listen backlog is limited to 100 connections
your mercy for graceful operations on workers is 60 seconds
mapped 416880 bytes (407 KB) for 8 cores
*** Operational MODE: preforking+threaded ***
WSGI app 0 (mountpoint='') ready in 0 seconds on interpreter 0x5565aadbe810 pid: 23 (default app)
uWSGI running as root, you can use --uid/--gid/--chroot options
*** WARNING: you are running uWSGI as root !!! (use the --uid flag) *** 
*** uWSGI is running in multiple interpreter mode ***
spawned uWSGI master process (pid: 23)
spawned uWSGI worker 1 (pid: 27, cores: 2)
spawned uWSGI worker 2 (pid: 28, cores: 2)
spawned uWSGI worker 3 (pid: 29, cores: 2)
spawned uWSGI worker 4 (pid: 30, cores: 2)
spawned uWSGI http 1 (pid: 31)
*** Starting uWSGI 2.0.17.1 (64bit) on [Sat Jan 19 14:00:19 2019] ***
compiled with version: 6.3.0 20170516 on 19 January 2019 13:46:12
os: Linux-4.9.125-linuxkit #1 SMP Fri Sep 7 08:20:28 UTC 2018
nodename: 15d9f8b1ec47
machine: x86_64
clock source: unix
pcre jit disabled
detected number of CPU cores: 2
current working directory: /app
writing pidfile to uwsgi2.pid
detected binary path: /usr/local/bin/uwsgi
uWSGI running as root, you can use --uid/--gid/--chroot options
*** WARNING: you are running uWSGI as root !!! (use the --uid flag) *** 
chdir() to /app
your memory page size is 4096 bytes
detected max file descriptor number: 1048576
lock engine: pthread robust mutexes
thunder lock: disabled (you can enable it with --thunder-lock)
uWSGI http bound on 0.0.0.0:8081 fd 4
uwsgi socket 0 bound to TCP address 127.0.0.1:42853 (port auto-assigned) fd 3
uWSGI running as root, you can use --uid/--gid/--chroot options
*** WARNING: you are running uWSGI as root !!! (use the --uid flag) *** 
Python version: 3.6.8 (default, Dec 29 2018, 07:23:17)  [GCC 6.3.0 20170516]
Python main interpreter initialized at 0x5569f5734810
uWSGI running as root, you can use --uid/--gid/--chroot options
*** WARNING: you are running uWSGI as root !!! (use the --uid flag) *** 
python threads support enabled
your server socket listen backlog is limited to 100 connections
your mercy for graceful operations on workers is 60 seconds
mapped 416880 bytes (407 KB) for 8 cores
*** Operational MODE: preforking+threaded ***
WSGI app 0 (mountpoint='') ready in 1 seconds on interpreter 0x5569f5734810 pid: 23 (default app)
uWSGI running as root, you can use --uid/--gid/--chroot options
*** WARNING: you are running uWSGI as root !!! (use the --uid flag) *** 
*** uWSGI is running in multiple interpreter mode ***
spawned uWSGI master process (pid: 23)
spawned uWSGI worker 1 (pid: 37, cores: 2)
spawned uWSGI worker 2 (pid: 38, cores: 2)
spawned uWSGI worker 3 (pid: 39, cores: 2)
spawned uWSGI worker 4 (pid: 40, cores: 2)
spawned uWSGI http 1 (pid: 41)
Not Found: /
[pid: 38|app: 0|req: 1/1] 172.21.0.1 () {38 vars in 667 bytes} [Sat Jan 19 22:00:20 2019] GET / => generated 3034 bytes in 481 msecs (HTTP/1.1 404) 3 headers in 102 bytes (1 switches on core 0)
Not Found: /favicon.ico
[pid: 38|app: 0|req: 2/2] 172.21.0.1 () {36 vars in 615 bytes} [Sat Jan 19 22:00:21 2019] GET /favicon.ico => generated 3085 bytes in 8 msecs (HTTP/1.1 404) 3 headers in 102 bytes (1 switches on core 1)
Internal Server Error: /index
Traceback (most recent call last):
  File "/usr/local/lib/python3.6/site-packages/django/template/base.py", line 829, in _resolve_lookup
    current = current[bit]
TypeError: 'ImageFieldFile' object is not subscriptable

During handling of the above exception, another exception occurred:

Traceback (most recent call last):
  File "/usr/local/lib/python3.6/site-packages/django/core/handlers/exception.py", line 34, in inner
    response = get_response(request)
  File "/usr/local/lib/python3.6/site-packages/django/core/handlers/base.py", line 126, in _get_response
    response = self.process_exception_by_middleware(e, request)
  File "/usr/local/lib/python3.6/site-packages/django/core/handlers/base.py", line 124, in _get_response
    response = wrapped_callback(request, *callback_args, **callback_kwargs)
  File "/usr/local/lib/python3.6/site-packages/django/views/generic/base.py", line 68, in view
    return self.dispatch(request, *args, **kwargs)
  File "/usr/local/lib/python3.6/site-packages/django/views/generic/base.py", line 88, in dispatch
    return handler(request, *args, **kwargs)
  File "./apps/goods/views.py", line 70, in get
    return render(request, 'index.html', context)
  File "/usr/local/lib/python3.6/site-packages/django/shortcuts.py", line 36, in render
    content = loader.render_to_string(template_name, context, request, using=using)
  File "/usr/local/lib/python3.6/site-packages/django/template/loader.py", line 62, in render_to_string
    return template.render(context, request)
  File "/usr/local/lib/python3.6/site-packages/django/template/backends/django.py", line 61, in render
    return self.template.render(context)
  File "/usr/local/lib/python3.6/site-packages/django/template/base.py", line 171, in render
    return self._render(context)
  File "/usr/local/lib/python3.6/site-packages/django/template/base.py", line 163, in _render
    return self.nodelist.render(context)
  File "/usr/local/lib/python3.6/site-packages/django/template/base.py", line 937, in render
    bit = node.render_annotated(context)
  File "/usr/local/lib/python3.6/site-packages/django/template/base.py", line 904, in render_annotated
    return self.render(context)
  File "/usr/local/lib/python3.6/site-packages/django/template/loader_tags.py", line 150, in render
    return compiled_parent._render(context)
  File "/usr/local/lib/python3.6/site-packages/django/template/base.py", line 163, in _render
    return self.nodelist.render(context)
  File "/usr/local/lib/python3.6/site-packages/django/template/base.py", line 937, in render
    bit = node.render_annotated(context)
  File "/usr/local/lib/python3.6/site-packages/django/template/base.py", line 904, in render_annotated
    return self.render(context)
  File "/usr/local/lib/python3.6/site-packages/django/template/loader_tags.py", line 62, in render
    result = block.nodelist.render(context)
  File "/usr/local/lib/python3.6/site-packages/django/template/base.py", line 937, in render
    bit = node.render_annotated(context)
  File "/usr/local/lib/python3.6/site-packages/django/template/base.py", line 904, in render_annotated
    return self.render(context)
  File "/usr/local/lib/python3.6/site-packages/django/template/defaulttags.py", line 209, in render
    nodelist.append(node.render_annotated(context))
  File "/usr/local/lib/python3.6/site-packages/django/template/base.py", line 904, in render_annotated
    return self.render(context)
  File "/usr/local/lib/python3.6/site-packages/django/template/base.py", line 987, in render
    output = self.filter_expression.resolve(context)
  File "/usr/local/lib/python3.6/site-packages/django/template/base.py", line 671, in resolve
    obj = self.var.resolve(context)
  File "/usr/local/lib/python3.6/site-packages/django/template/base.py", line 796, in resolve
    value = self._resolve_lookup(context)
  File "/usr/local/lib/python3.6/site-packages/django/template/base.py", line 837, in _resolve_lookup
    current = getattr(current, bit)
  File "/usr/local/lib/python3.6/site-packages/django/db/models/fields/files.py", line 62, in url
    return self.storage.url(self.name)
  File "/usr/local/lib/python3.6/site-packages/django/utils/functional.py", line 213, in inner
    self._setup()
  File "/usr/local/lib/python3.6/site-packages/django/core/files/storage.py", line 361, in _setup
    self._wrapped = get_storage_class()()
  File "/usr/local/lib/python3.6/site-packages/django/core/files/storage.py", line 356, in get_storage_class
    return import_string(import_path or settings.DEFAULT_FILE_STORAGE)
  File "/usr/local/lib/python3.6/site-packages/django/utils/module_loading.py", line 17, in import_string
    module = import_module(module_path)
  File "/usr/local/lib/python3.6/importlib/__init__.py", line 126, in import_module
    return _bootstrap._gcd_import(name[level:], package, level)
  File "<frozen importlib._bootstrap>", line 994, in _gcd_import
  File "<frozen importlib._bootstrap>", line 971, in _find_and_load
  File "<frozen importlib._bootstrap>", line 955, in _find_and_load_unlocked
  File "<frozen importlib._bootstrap>", line 665, in _load_unlocked
  File "<frozen importlib._bootstrap_external>", line 678, in exec_module
  File "<frozen importlib._bootstrap>", line 219, in _call_with_frames_removed
  File "./utils/fdfs/storage.py", line 3, in <module>
    from fdfs_client.client import Fdfs_client
  File "/usr/local/lib/python3.6/site-packages/fdfs_client/client.py", line 12, in <module>
    from fdfs_client.utils import *
  File "/usr/local/lib/python3.6/site-packages/fdfs_client/utils.py", line 230
    print get_file_ext_name('/bc.tar.gz')
                          ^
SyntaxError: invalid syntax
[pid: 38|app: 0|req: 3/3] 172.21.0.1 () {36 vars in 646 bytes} [Sat Jan 19 22:00:25 2019] GET /index => generated 246218 bytes in 288 msecs (HTTP/1.1 500) 4 headers in 130 bytes (1 switches on core 0)
Not Found: /
[pid: 38|app: 0|req: 4/4] 172.21.0.1 () {38 vars in 770 bytes} [Sat Jan 19 22:01:04 2019] GET / => generated 3034 bytes in 9 msecs (HTTP/1.1 404) 3 headers in 102 bytes (1 switches on core 1)
[pid: 38|app: 0|req: 5/5] 172.21.0.1 () {38 vars in 780 bytes} [Sat Jan 19 22:01:08 2019] GET /index => generated 7326 bytes in 156 msecs (HTTP/1.1 200) 4 headers in 124 bytes (1 switches on core 0)
Not Found: /static/js/slide.js
[pid: 38|app: 0|req: 6/6] 172.21.0.1 () {38 vars in 732 bytes} [Sat Jan 19 22:01:08 2019] GET /static/js/slide.js => generated 3106 bytes in 9 msecs (HTTP/1.1 404) 3 headers in 102 bytes (1 switches on core 1)
Not Found: /static/images/logo.png
[pid: 40|app: 0|req: 1/7] 172.21.0.1 () {38 vars in 776 bytes} [Sat Jan 19 22:01:08 2019] GET /static/images/logo.png => generated 3118 bytes in 797 msecs (HTTP/1.1 404) 3 headers in 102 bytes (1 switches on core 0)
Not Found: /static/js/jquery-ui.min.js
[pid: 39|app: 0|req: 2/8] 172.21.0.1 () {38 vars in 748 bytes} [Sat Jan 19 22:01:08 2019] GET /static/js/jquery-ui.min.js => generated 3130 bytes in 827 msecs (HTTP/1.1 404) 3 headers in 102 bytes (1 switches on core 1)
Not Found: /static/js/jquery-1.12.4.min.js
[pid: 39|app: 0|req: 2/9] 172.21.0.1 () {38 vars in 756 bytes} [Sat Jan 19 22:01:08 2019] GET /static/js/jquery-1.12.4.min.js => generated 3142 bytes in 835 msecs (HTTP/1.1 404) 3 headers in 102 bytes (1 switches on core 0)
Not Found: /static/css/main.css
Not Found: /static/css/reset.css
[pid: 37|app: 0|req: 2/10] 172.21.0.1 () {38 vars in 749 bytes} [Sat Jan 19 22:01:08 2019] GET /static/css/main.css => generated 3109 bytes in 898 msecs (HTTP/1.1 404) 3 headers in 102 bytes (1 switches on core 1)
[pid: 37|app: 0|req: 2/11] 172.21.0.1 () {38 vars in 751 bytes} [Sat Jan 19 22:01:08 2019] GET /static/css/reset.css => generated 3112 bytes in 905 msecs (HTTP/1.1 404) 3 headers in 102 bytes (1 switches on core 0)
Not Found: /static/js/jquery-ui.min.js
[pid: 37|app: 0|req: 3/12] 172.21.0.1 () {38 vars in 748 bytes} [Sat Jan 19 22:01:09 2019] GET /static/js/jquery-ui.min.js => generated 3130 bytes in 4 msecs (HTTP/1.1 404) 3 headers in 102 bytes (1 switches on core 1)
Not Found: /static/js/slide.js
[pid: 38|app: 0|req: 7/13] 172.21.0.1 () {38 vars in 732 bytes} [Sat Jan 19 22:01:09 2019] GET /static/js/slide.js => generated 3106 bytes in 4 msecs (HTTP/1.1 404) 3 headers in 102 bytes (1 switches on core 0)
*** Starting uWSGI 2.0.17.1 (64bit) on [Sat Jan 19 14:02:34 2019] ***
compiled with version: 6.3.0 20170516 on 19 January 2019 13:46:12
os: Linux-4.9.125-linuxkit #1 SMP Fri Sep 7 08:20:28 UTC 2018
nodename: 15d9f8b1ec47
machine: x86_64
clock source: unix
pcre jit disabled
detected number of CPU cores: 2
current working directory: /app
writing pidfile to uwsgi2.pid
detected binary path: /usr/local/bin/uwsgi
uWSGI running as root, you can use --uid/--gid/--chroot options
*** WARNING: you are running uWSGI as root !!! (use the --uid flag) *** 
chdir() to /app
your memory page size is 4096 bytes
detected max file descriptor number: 1048576
lock engine: pthread robust mutexes
thunder lock: disabled (you can enable it with --thunder-lock)
probably another instance of uWSGI is running on the same address (127.0.0.1:8080).
bind(): Address already in use [core/socket.c line 769]
*** Starting uWSGI 2.0.17.1 (64bit) on [Sat Jan 19 14:04:04 2019] ***
compiled with version: 6.3.0 20170516 on 19 January 2019 13:46:12
os: Linux-4.9.125-linuxkit #1 SMP Fri Sep 7 08:20:28 UTC 2018
nodename: 15d9f8b1ec47
machine: x86_64
clock source: unix
pcre jit disabled
detected number of CPU cores: 2
current working directory: /app
writing pidfile to uwsgi2.pid
detected binary path: /usr/local/bin/uwsgi
uWSGI running as root, you can use --uid/--gid/--chroot options
*** WARNING: you are running uWSGI as root !!! (use the --uid flag) *** 
chdir() to /app
your memory page size is 4096 bytes
detected max file descriptor number: 1048576
lock engine: pthread robust mutexes
thunder lock: disabled (you can enable it with --thunder-lock)
probably another instance of uWSGI is running on the same address (127.0.0.1:8080).
bind(): Address already in use [core/socket.c line 769]
*** Starting uWSGI 2.0.17.1 (64bit) on [Sat Jan 19 14:05:51 2019] ***
compiled with version: 6.3.0 20170516 on 19 January 2019 13:46:12
os: Linux-4.9.125-linuxkit #1 SMP Fri Sep 7 08:20:28 UTC 2018
nodename: 15d9f8b1ec47
machine: x86_64
clock source: unix
pcre jit disabled
detected number of CPU cores: 2
current working directory: /app
writing pidfile to uwsgi2.pid
detected binary path: /usr/local/bin/uwsgi
uWSGI running as root, you can use --uid/--gid/--chroot options
*** WARNING: you are running uWSGI as root !!! (use the --uid flag) *** 
chdir() to /app
your memory page size is 4096 bytes
detected max file descriptor number: 1048576
lock engine: pthread robust mutexes
thunder lock: disabled (you can enable it with --thunder-lock)
uwsgi socket 0 bound to TCP address 127.0.0.1:8091 fd 3
uWSGI running as root, you can use --uid/--gid/--chroot options
*** WARNING: you are running uWSGI as root !!! (use the --uid flag) *** 
Python version: 3.6.8 (default, Dec 29 2018, 07:23:17)  [GCC 6.3.0 20170516]
Python main interpreter initialized at 0x5641d971a730
uWSGI running as root, you can use --uid/--gid/--chroot options
*** WARNING: you are running uWSGI as root !!! (use the --uid flag) *** 
python threads support enabled
your server socket listen backlog is limited to 100 connections
your mercy for graceful operations on workers is 60 seconds
mapped 416880 bytes (407 KB) for 8 cores
*** Operational MODE: preforking+threaded ***
WSGI app 0 (mountpoint='') ready in 1 seconds on interpreter 0x5641d971a730 pid: 23 (default app)
uWSGI running as root, you can use --uid/--gid/--chroot options
*** WARNING: you are running uWSGI as root !!! (use the --uid flag) *** 
*** uWSGI is running in multiple interpreter mode ***
spawned uWSGI master process (pid: 23)
spawned uWSGI worker 1 (pid: 28, cores: 2)
spawned uWSGI worker 2 (pid: 29, cores: 2)
spawned uWSGI worker 3 (pid: 30, cores: 2)
spawned uWSGI worker 4 (pid: 31, cores: 2)
*** Starting uWSGI 2.0.17.1 (64bit) on [Sat Jan 19 14:07:01 2019] ***
compiled with version: 6.3.0 20170516 on 19 January 2019 13:46:12
os: Linux-4.9.125-linuxkit #1 SMP Fri Sep 7 08:20:28 UTC 2018
nodename: 15d9f8b1ec47
machine: x86_64
clock source: unix
pcre jit disabled
detected number of CPU cores: 2
current working directory: /app
writing pidfile to uwsgi2.pid
detected binary path: /usr/local/bin/uwsgi
uWSGI running as root, you can use --uid/--gid/--chroot options
*** WARNING: you are running uWSGI as root !!! (use the --uid flag) *** 
chdir() to /app
your memory page size is 4096 bytes
detected max file descriptor number: 1048576
lock engine: pthread robust mutexes
thunder lock: disabled (you can enable it with --thunder-lock)
uwsgi socket 0 bound to TCP address 0.0.0.0:8091 fd 3
uWSGI running as root, you can use --uid/--gid/--chroot options
*** WARNING: you are running uWSGI as root !!! (use the --uid flag) *** 
Python version: 3.6.8 (default, Dec 29 2018, 07:23:17)  [GCC 6.3.0 20170516]
Python main interpreter initialized at 0x55b2eeafb730
uWSGI running as root, you can use --uid/--gid/--chroot options
*** WARNING: you are running uWSGI as root !!! (use the --uid flag) *** 
python threads support enabled
your server socket listen backlog is limited to 100 connections
your mercy for graceful operations on workers is 60 seconds
mapped 416880 bytes (407 KB) for 8 cores
*** Operational MODE: preforking+threaded ***
WSGI app 0 (mountpoint='') ready in 1 seconds on interpreter 0x55b2eeafb730 pid: 22 (default app)
uWSGI running as root, you can use --uid/--gid/--chroot options
*** WARNING: you are running uWSGI as root !!! (use the --uid flag) *** 
*** uWSGI is running in multiple interpreter mode ***
spawned uWSGI master process (pid: 22)
spawned uWSGI worker 1 (pid: 28, cores: 2)
spawned uWSGI worker 2 (pid: 29, cores: 2)
spawned uWSGI worker 3 (pid: 30, cores: 2)
spawned uWSGI worker 4 (pid: 31, cores: 2)
[pid: 28|app: 0|req: 1/1] 172.21.0.1 () {42 vars in 726 bytes} [Sat Jan 19 22:07:22 2019] GET /user/ => generated 0 bytes in 427 msecs (HTTP/1.1 302) 5 headers in 159 bytes (1 switches on core 0)
[pid: 28|app: 0|req: 2/2] 172.21.0.1 () {44 vars in 842 bytes} [Sat Jan 19 22:07:34 2019] GET /user/login => generated 2124 bytes in 24 msecs (HTTP/1.1 200) 5 headers in 292 bytes (1 switches on core 1)
[pid: 28|app: 0|req: 3/3] 172.21.0.1 () {44 vars in 830 bytes} [Sat Jan 19 22:07:37 2019] GET /user/login => generated 2124 bytes in 5 msecs (HTTP/1.1 200) 5 headers in 292 bytes (1 switches on core 0)
[pid: 28|app: 0|req: 4/4] 172.21.0.1 () {44 vars in 848 bytes} [Sat Jan 19 22:07:43 2019] GET /user/login?next=/user/ => generated 2124 bytes in 5 msecs (HTTP/1.1 200) 5 headers in 292 bytes (1 switches on core 1)
[pid: 28|app: 0|req: 5/5] 172.21.0.1 () {44 vars in 819 bytes} [Sat Jan 19 22:07:47 2019] GET /goods/3 => generated 9558 bytes in 134 msecs (HTTP/1.1 200) 5 headers in 292 bytes (1 switches on core 0)
[pid: 28|app: 0|req: 6/6] 172.21.0.1 () {44 vars in 833 bytes} [Sat Jan 19 22:07:51 2019] GET /user/login => generated 2124 bytes in 6 msecs (HTTP/1.1 200) 5 headers in 292 bytes (1 switches on core 1)
